mode: set
github.com/suse/rancher-multi-compute/pkg/controllers/controller.go:20.53,24.2 1 1
github.com/suse/rancher-multi-compute/pkg/controllers/controller.go:27.59,30.2 2 1
github.com/suse/rancher-multi-compute/pkg/controllers/controller.go:33.39,36.2 2 1
github.com/suse/rancher-multi-compute/api/multi.suse.io/v1alpha1/channel_types.go:58.13,60.2 1 1
github.com/suse/rancher-multi-compute/api/multi.suse.io/v1alpha1/multicomputeconfig_types.go:73.13,75.2 1 1
github.com/suse/rancher-multi-compute/api/multi.suse.io/v1alpha1/zz_generated.deepcopy.go:14.47,20.2 5 1
github.com/suse/rancher-multi-compute/api/multi.suse.io/v1alpha1/zz_generated.deepcopy.go:23.40,24.15 1 1
github.com/suse/rancher-multi-compute/api/multi.suse.io/v1alpha1/zz_generated.deepcopy.go:24.15,26.3 1 0
github.com/suse/rancher-multi-compute/api/multi.suse.io/v1alpha1/zz_generated.deepcopy.go:27.2,29.12 3 1
github.com/suse/rancher-multi-compute/api/multi.suse.io/v1alpha1/zz_generated.deepcopy.go:33.52,34.34 1 1
github.com/suse/rancher-multi-compute/api/multi.suse.io/v1alpha1/zz_generated.deepcopy.go:34.34,36.3 1 1
github.com/suse/rancher-multi-compute/api/multi.suse.io/v1alpha1/zz_generated.deepcopy.go:37.2,37.12 1 0
github.com/suse/rancher-multi-compute/api/multi.suse.io/v1alpha1/zz_generated.deepcopy.go:41.55,45.21 4 1
github.com/suse/rancher-multi-compute/api/multi.suse.io/v1alpha1/zz_generated.deepcopy.go:45.21,48.22 3 1
github.com/suse/rancher-multi-compute/api/multi.suse.io/v1alpha1/zz_generated.deepcopy.go:48.22,50.4 1 1
github.com/suse/rancher-multi-compute/api/multi.suse.io/v1alpha1/zz_generated.deepcopy.go:55.48,56.15 1 1
github.com/suse/rancher-multi-compute/api/multi.suse.io/v1alpha1/zz_generated.deepcopy.go:56.15,58.3 1 0
github.com/suse/rancher-multi-compute/api/multi.suse.io/v1alpha1/zz_generated.deepcopy.go:59.2,61.12 3 1
github.com/suse/rancher-multi-compute/api/multi.suse.io/v1alpha1/zz_generated.deepcopy.go:65.56,66.34 1 1
github.com/suse/rancher-multi-compute/api/multi.suse.io/v1alpha1/zz_generated.deepcopy.go:66.34,68.3 1 1
github.com/suse/rancher-multi-compute/api/multi.suse.io/v1alpha1/zz_generated.deepcopy.go:69.2,69.12 1 0
github.com/suse/rancher-multi-compute/api/multi.suse.io/v1alpha1/zz_generated.deepcopy.go:73.55,76.2 2 1
github.com/suse/rancher-multi-compute/api/multi.suse.io/v1alpha1/zz_generated.deepcopy.go:79.48,80.15 1 0
github.com/suse/rancher-multi-compute/api/multi.suse.io/v1alpha1/zz_generated.deepcopy.go:80.15,82.3 1 0
github.com/suse/rancher-multi-compute/api/multi.suse.io/v1alpha1/zz_generated.deepcopy.go:83.2,85.12 3 0
github.com/suse/rancher-multi-compute/api/multi.suse.io/v1alpha1/zz_generated.deepcopy.go:89.59,91.26 2 1
github.com/suse/rancher-multi-compute/api/multi.suse.io/v1alpha1/zz_generated.deepcopy.go:91.26,94.22 3 0
github.com/suse/rancher-multi-compute/api/multi.suse.io/v1alpha1/zz_generated.deepcopy.go:94.22,96.4 1 0
github.com/suse/rancher-multi-compute/api/multi.suse.io/v1alpha1/zz_generated.deepcopy.go:101.52,102.15 1 0
github.com/suse/rancher-multi-compute/api/multi.suse.io/v1alpha1/zz_generated.deepcopy.go:102.15,104.3 1 0
github.com/suse/rancher-multi-compute/api/multi.suse.io/v1alpha1/zz_generated.deepcopy.go:105.2,107.12 3 0
github.com/suse/rancher-multi-compute/api/multi.suse.io/v1alpha1/zz_generated.deepcopy.go:111.69,117.2 5 1
github.com/suse/rancher-multi-compute/api/multi.suse.io/v1alpha1/zz_generated.deepcopy.go:120.62,121.15 1 1
github.com/suse/rancher-multi-compute/api/multi.suse.io/v1alpha1/zz_generated.deepcopy.go:121.15,123.3 1 0
github.com/suse/rancher-multi-compute/api/multi.suse.io/v1alpha1/zz_generated.deepcopy.go:124.2,126.12 3 1
github.com/suse/rancher-multi-compute/api/multi.suse.io/v1alpha1/zz_generated.deepcopy.go:130.63,131.34 1 1
github.com/suse/rancher-multi-compute/api/multi.suse.io/v1alpha1/zz_generated.deepcopy.go:131.34,133.3 1 1
github.com/suse/rancher-multi-compute/api/multi.suse.io/v1alpha1/zz_generated.deepcopy.go:134.2,134.12 1 0
github.com/suse/rancher-multi-compute/api/multi.suse.io/v1alpha1/zz_generated.deepcopy.go:138.77,142.21 4 1
github.com/suse/rancher-multi-compute/api/multi.suse.io/v1alpha1/zz_generated.deepcopy.go:142.21,145.22 3 1
github.com/suse/rancher-multi-compute/api/multi.suse.io/v1alpha1/zz_generated.deepcopy.go:145.22,147.4 1 1
github.com/suse/rancher-multi-compute/api/multi.suse.io/v1alpha1/zz_generated.deepcopy.go:152.67,153.34 1 1
github.com/suse/rancher-multi-compute/api/multi.suse.io/v1alpha1/zz_generated.deepcopy.go:153.34,155.3 1 1
github.com/suse/rancher-multi-compute/api/multi.suse.io/v1alpha1/zz_generated.deepcopy.go:156.2,156.12 1 0
github.com/suse/rancher-multi-compute/api/multi.suse.io/v1alpha1/zz_generated.deepcopy.go:160.70,161.15 1 1
github.com/suse/rancher-multi-compute/api/multi.suse.io/v1alpha1/zz_generated.deepcopy.go:161.15,163.3 1 0
github.com/suse/rancher-multi-compute/api/multi.suse.io/v1alpha1/zz_generated.deepcopy.go:164.2,166.12 3 1
github.com/suse/rancher-multi-compute/api/multi.suse.io/v1alpha1/zz_generated.deepcopy.go:170.77,173.29 3 1
github.com/suse/rancher-multi-compute/api/multi.suse.io/v1alpha1/zz_generated.deepcopy.go:173.29,176.29 3 0
github.com/suse/rancher-multi-compute/api/multi.suse.io/v1alpha1/zz_generated.deepcopy.go:176.29,178.4 1 0
github.com/suse/rancher-multi-compute/api/multi.suse.io/v1alpha1/zz_generated.deepcopy.go:183.70,184.15 1 0
github.com/suse/rancher-multi-compute/api/multi.suse.io/v1alpha1/zz_generated.deepcopy.go:184.15,186.3 1 0
github.com/suse/rancher-multi-compute/api/multi.suse.io/v1alpha1/zz_generated.deepcopy.go:187.2,189.12 3 0
github.com/suse/rancher-multi-compute/api/multi.suse.io/v1alpha1/zz_generated.deepcopy.go:193.81,195.26 2 1
github.com/suse/rancher-multi-compute/api/multi.suse.io/v1alpha1/zz_generated.deepcopy.go:195.26,198.22 3 1
github.com/suse/rancher-multi-compute/api/multi.suse.io/v1alpha1/zz_generated.deepcopy.go:198.22,200.4 1 1
github.com/suse/rancher-multi-compute/api/multi.suse.io/v1alpha1/zz_generated.deepcopy.go:205.74,206.15 1 0
github.com/suse/rancher-multi-compute/api/multi.suse.io/v1alpha1/zz_generated.deepcopy.go:206.15,208.3 1 0
github.com/suse/rancher-multi-compute/api/multi.suse.io/v1alpha1/zz_generated.deepcopy.go:209.2,211.12 3 0
github.com/suse/rancher-multi-compute/api/multi.suse.io/v1alpha1/zz_generated.deepcopy.go:215.57,217.2 1 1
github.com/suse/rancher-multi-compute/api/multi.suse.io/v1alpha1/zz_generated.deepcopy.go:220.50,221.15 1 0
github.com/suse/rancher-multi-compute/api/multi.suse.io/v1alpha1/zz_generated.deepcopy.go:221.15,223.3 1 0
github.com/suse/rancher-multi-compute/api/multi.suse.io/v1alpha1/zz_generated.deepcopy.go:224.2,226.12 3 0
github.com/suse/rancher-multi-compute/api/multi.suse.io/v1alpha1/zz_generated.deepcopy.go:230.57,232.2 1 0
github.com/suse/rancher-multi-compute/api/multi.suse.io/v1alpha1/zz_generated.deepcopy.go:235.50,236.15 1 0
github.com/suse/rancher-multi-compute/api/multi.suse.io/v1alpha1/zz_generated.deepcopy.go:236.15,238.3 1 0
github.com/suse/rancher-multi-compute/api/multi.suse.io/v1alpha1/zz_generated.deepcopy.go:239.2,241.12 3 0
github.com/suse/rancher-multi-compute/internal/fleetutil/selector.go:28.110,35.2 1 1
github.com/suse/rancher-multi-compute/internal/vendors/vendors.go:20.41,38.2 1 1
github.com/suse/rancher-multi-compute/pkg/utils/utils.go:6.26,8.2 1 1
github.com/suse/rancher-multi-compute/pkg/utils/utils.go:11.58,12.19 1 1
github.com/suse/rancher-multi-compute/pkg/utils/utils.go:12.19,14.3 1 1
github.com/suse/rancher-multi-compute/pkg/utils/utils.go:15.2,15.12 1 1
github.com/suse/rancher-multi-compute/internal/versions/versions.go:36.55,40.2 1 1
github.com/suse/rancher-multi-compute/internal/versions/versions.go:43.89,47.16 3 1
github.com/suse/rancher-multi-compute/internal/versions/versions.go:47.16,49.3 1 1
github.com/suse/rancher-multi-compute/internal/versions/versions.go:51.2,52.52 2 1
github.com/suse/rancher-multi-compute/internal/versions/versions.go:52.52,54.3 1 1
github.com/suse/rancher-multi-compute/internal/versions/versions.go:56.2,56.18 1 1
github.com/suse/rancher-multi-compute/internal/versions/versions.go:60.104,63.42 2 1
github.com/suse/rancher-multi-compute/internal/versions/versions.go:63.42,65.63 2 1
github.com/suse/rancher-multi-compute/internal/versions/versions.go:65.63,67.4 1 1
github.com/suse/rancher-multi-compute/internal/versions/versions.go:68.3,68.27 1 1
github.com/suse/rancher-multi-compute/internal/versions/versions.go:71.2,71.21 1 1
