mode: set
github.com/suse/rancher-multi-compute/controllers/compute-auto-operator-controller/controller.go:27.13,31.2 2 0
github.com/suse/rancher-multi-compute/controllers/compute-auto-operator-controller/controller.go:33.13,57.16 12 0
github.com/suse/rancher-multi-compute/controllers/compute-auto-operator-controller/controller.go:57.16,60.3 2 0
github.com/suse/rancher-multi-compute/controllers/compute-auto-operator-controller/controller.go:62.2,67.39 1 0
github.com/suse/rancher-multi-compute/controllers/compute-auto-operator-controller/controller.go:67.39,70.3 2 0
github.com/suse/rancher-multi-compute/controllers/compute-auto-operator-controller/controller.go:73.2,73.69 1 0
github.com/suse/rancher-multi-compute/controllers/compute-auto-operator-controller/controller.go:73.69,76.3 2 0
github.com/suse/rancher-multi-compute/controllers/compute-auto-operator-controller/controller.go:77.2,77.67 1 0
github.com/suse/rancher-multi-compute/controllers/compute-auto-operator-controller/controller.go:77.67,80.3 2 0
github.com/suse/rancher-multi-compute/controllers/compute-auto-operator-controller/controller.go:82.2,83.61 2 0
github.com/suse/rancher-multi-compute/controllers/compute-auto-operator-controller/controller.go:83.61,86.3 2 0
github.com/suse/rancher-multi-compute/controllers/compute-drift-detector/controller.go:25.13,29.2 2 0
github.com/suse/rancher-multi-compute/controllers/compute-drift-detector/controller.go:31.13,55.16 12 0
github.com/suse/rancher-multi-compute/controllers/compute-drift-detector/controller.go:55.16,58.3 2 0
github.com/suse/rancher-multi-compute/controllers/compute-drift-detector/controller.go:60.2,63.39 1 0
github.com/suse/rancher-multi-compute/controllers/compute-drift-detector/controller.go:63.39,66.3 2 0
github.com/suse/rancher-multi-compute/controllers/compute-drift-detector/controller.go:69.2,69.69 1 0
github.com/suse/rancher-multi-compute/controllers/compute-drift-detector/controller.go:69.69,72.3 2 0
github.com/suse/rancher-multi-compute/controllers/compute-drift-detector/controller.go:73.2,73.67 1 0
github.com/suse/rancher-multi-compute/controllers/compute-drift-detector/controller.go:73.67,76.3 2 0
github.com/suse/rancher-multi-compute/controllers/compute-drift-detector/controller.go:78.2,79.61 2 0
github.com/suse/rancher-multi-compute/controllers/compute-drift-detector/controller.go:79.61,82.3 2 0
github.com/suse/rancher-multi-compute/controllers/compute-drift-detector/internal/controller/channel_controller.go:29.99,34.64 3 0
github.com/suse/rancher-multi-compute/controllers/compute-drift-detector/internal/controller/channel_controller.go:34.64,35.29 1 0
github.com/suse/rancher-multi-compute/controllers/compute-drift-detector/internal/controller/channel_controller.go:35.29,37.4 1 0
github.com/suse/rancher-multi-compute/controllers/compute-drift-detector/internal/controller/channel_controller.go:38.3,38.28 1 0
github.com/suse/rancher-multi-compute/controllers/compute-drift-detector/internal/controller/channel_controller.go:42.2,44.19 2 0
github.com/suse/rancher-multi-compute/controllers/compute-drift-detector/internal/controller/channel_controller.go:44.19,60.57 5 0
github.com/suse/rancher-multi-compute/controllers/compute-drift-detector/internal/controller/channel_controller.go:60.57,63.4 2 0
github.com/suse/rancher-multi-compute/controllers/compute-drift-detector/internal/controller/channel_controller.go:64.8,66.3 1 0
github.com/suse/rancher-multi-compute/controllers/compute-drift-detector/internal/controller/channel_controller.go:68.2,68.57 1 0
github.com/suse/rancher-multi-compute/controllers/compute-drift-detector/internal/controller/channel_controller.go:72.115,82.2 1 0
github.com/suse/rancher-multi-compute/controllers/compute-drift-detector/internal/controller/channel_controller.go:85.70,89.2 1 0
github.com/suse/rancher-multi-compute/controllers/policy-controller/controller.go:25.13,29.2 2 0
github.com/suse/rancher-multi-compute/controllers/policy-controller/controller.go:31.13,55.16 12 0
github.com/suse/rancher-multi-compute/controllers/policy-controller/controller.go:55.16,58.3 2 0
github.com/suse/rancher-multi-compute/controllers/policy-controller/controller.go:60.2,63.39 1 0
github.com/suse/rancher-multi-compute/controllers/policy-controller/controller.go:63.39,66.3 2 0
github.com/suse/rancher-multi-compute/controllers/policy-controller/controller.go:69.2,69.69 1 0
github.com/suse/rancher-multi-compute/controllers/policy-controller/controller.go:69.69,72.3 2 0
github.com/suse/rancher-multi-compute/controllers/policy-controller/controller.go:73.2,73.67 1 0
github.com/suse/rancher-multi-compute/controllers/policy-controller/controller.go:73.67,76.3 2 0
github.com/suse/rancher-multi-compute/controllers/policy-controller/controller.go:78.2,79.61 2 0
github.com/suse/rancher-multi-compute/controllers/policy-controller/controller.go:79.61,82.3 2 0
github.com/suse/rancher-multi-compute/controllers/compute-profiler-controller/controller.go:25.13,29.2 2 0
github.com/suse/rancher-multi-compute/controllers/compute-profiler-controller/controller.go:31.13,55.16 12 0
github.com/suse/rancher-multi-compute/controllers/compute-profiler-controller/controller.go:55.16,58.3 2 0
github.com/suse/rancher-multi-compute/controllers/compute-profiler-controller/controller.go:60.2,63.39 1 0
github.com/suse/rancher-multi-compute/controllers/compute-profiler-controller/controller.go:63.39,66.3 2 0
github.com/suse/rancher-multi-compute/controllers/compute-profiler-controller/controller.go:69.2,69.69 1 0
github.com/suse/rancher-multi-compute/controllers/compute-profiler-controller/controller.go:69.69,72.3 2 0
github.com/suse/rancher-multi-compute/controllers/compute-profiler-controller/controller.go:73.2,73.67 1 0
github.com/suse/rancher-multi-compute/controllers/compute-profiler-controller/controller.go:73.67,76.3 2 0
github.com/suse/rancher-multi-compute/controllers/compute-profiler-controller/controller.go:78.2,79.61 2 0
github.com/suse/rancher-multi-compute/controllers/compute-profiler-controller/controller.go:79.61,82.3 2 0
github.com/suse/rancher-multi-compute/controllers/compute-auto-operator-controller/internal/testutil/envtest.go:32.42,64.2 12 0
github.com/suse/rancher-multi-compute/controllers/compute-auto-operator-controller/internal/testutil/envtest.go:67.27,72.2 4 0
github.com/suse/rancher-multi-compute/controllers/compute-auto-operator-controller/internal/testutil/envtest.go:75.45,77.2 1 0
github.com/suse/rancher-multi-compute/controllers/compute-auto-operator-controller/internal/testutil/envtest.go:80.46,82.2 1 0
github.com/suse/rancher-multi-compute/controllers/compute-auto-operator-controller/internal/testutil/envtest.go:85.49,87.2 1 0
github.com/suse/rancher-multi-compute/controllers/compute-auto-operator-controller/internal/testutil/envtest.go:90.48,92.2 1 0
github.com/suse/rancher-multi-compute/controllers/compute-auto-operator-controller/internal/testutil/envtest.go:95.46,101.2 3 0
github.com/suse/rancher-multi-compute/controllers/compute-auto-operator-controller/internal/testutil/envtest.go:104.24,106.2 1 0
github.com/suse/rancher-multi-compute/controllers/policy-controller/internal/controller/multicomputeconfig_controller.go:30.110,35.63 3 0
github.com/suse/rancher-multi-compute/controllers/policy-controller/internal/controller/multicomputeconfig_controller.go:35.63,36.29 1 0
github.com/suse/rancher-multi-compute/controllers/policy-controller/internal/controller/multicomputeconfig_controller.go:36.29,38.4 1 0
github.com/suse/rancher-multi-compute/controllers/policy-controller/internal/controller/multicomputeconfig_controller.go:39.3,39.28 1 0
github.com/suse/rancher-multi-compute/controllers/policy-controller/internal/controller/multicomputeconfig_controller.go:43.2,43.53 1 0
github.com/suse/rancher-multi-compute/controllers/policy-controller/internal/controller/multicomputeconfig_controller.go:43.53,46.3 2 0
github.com/suse/rancher-multi-compute/controllers/policy-controller/internal/controller/multicomputeconfig_controller.go:49.2,59.55 2 0
github.com/suse/rancher-multi-compute/controllers/policy-controller/internal/controller/multicomputeconfig_controller.go:59.55,62.3 2 0
github.com/suse/rancher-multi-compute/controllers/policy-controller/internal/controller/multicomputeconfig_controller.go:64.2,65.56 2 0
github.com/suse/rancher-multi-compute/controllers/policy-controller/internal/controller/multicomputeconfig_controller.go:69.129,79.46 2 0
github.com/suse/rancher-multi-compute/controllers/policy-controller/internal/controller/multicomputeconfig_controller.go:79.46,81.3 1 0
github.com/suse/rancher-multi-compute/controllers/policy-controller/internal/controller/multicomputeconfig_controller.go:83.2,83.48 1 0
github.com/suse/rancher-multi-compute/controllers/policy-controller/internal/controller/multicomputeconfig_controller.go:83.48,85.3 1 0
github.com/suse/rancher-multi-compute/controllers/policy-controller/internal/controller/multicomputeconfig_controller.go:87.2,87.40 1 0
github.com/suse/rancher-multi-compute/controllers/policy-controller/internal/controller/multicomputeconfig_controller.go:87.40,89.3 1 0
github.com/suse/rancher-multi-compute/controllers/policy-controller/internal/controller/multicomputeconfig_controller.go:91.2,91.46 1 0
github.com/suse/rancher-multi-compute/controllers/policy-controller/internal/controller/multicomputeconfig_controller.go:91.46,93.3 1 0
github.com/suse/rancher-multi-compute/controllers/policy-controller/internal/controller/multicomputeconfig_controller.go:95.2,95.12 1 0
github.com/suse/rancher-multi-compute/controllers/policy-controller/internal/controller/multicomputeconfig_controller.go:99.81,103.2 1 0
github.com/suse/rancher-multi-compute/controllers/compute-profiler-controller/internal/controller/node_controller.go:26.96,31.61 3 0
github.com/suse/rancher-multi-compute/controllers/compute-profiler-controller/internal/controller/node_controller.go:31.61,32.29 1 0
github.com/suse/rancher-multi-compute/controllers/compute-profiler-controller/internal/controller/node_controller.go:32.29,34.4 1 0
github.com/suse/rancher-multi-compute/controllers/compute-profiler-controller/internal/controller/node_controller.go:35.3,35.28 1 0
github.com/suse/rancher-multi-compute/controllers/compute-profiler-controller/internal/controller/node_controller.go:39.2,40.21 2 0
github.com/suse/rancher-multi-compute/controllers/compute-profiler-controller/internal/controller/node_controller.go:40.21,43.20 2 0
github.com/suse/rancher-multi-compute/controllers/compute-profiler-controller/internal/controller/node_controller.go:43.20,45.4 1 0
github.com/suse/rancher-multi-compute/controllers/compute-profiler-controller/internal/controller/node_controller.go:47.3,51.20 3 0
github.com/suse/rancher-multi-compute/controllers/compute-profiler-controller/internal/controller/node_controller.go:52.17,54.64 2 0
github.com/suse/rancher-multi-compute/controllers/compute-profiler-controller/internal/controller/node_controller.go:54.64,56.5 1 0
github.com/suse/rancher-multi-compute/controllers/compute-profiler-controller/internal/controller/node_controller.go:57.14,58.52 1 0
github.com/suse/rancher-multi-compute/controllers/compute-profiler-controller/internal/controller/node_controller.go:59.16,60.54 1 0
github.com/suse/rancher-multi-compute/controllers/compute-profiler-controller/internal/controller/node_controller.go:63.3,64.45 2 0
github.com/suse/rancher-multi-compute/controllers/compute-profiler-controller/internal/controller/node_controller.go:64.45,67.4 2 0
github.com/suse/rancher-multi-compute/controllers/compute-profiler-controller/internal/controller/node_controller.go:69.3,69.86 1 0
github.com/suse/rancher-multi-compute/controllers/compute-profiler-controller/internal/controller/node_controller.go:72.2,72.56 1 0
github.com/suse/rancher-multi-compute/controllers/compute-profiler-controller/internal/controller/node_controller.go:76.68,80.69 2 0
github.com/suse/rancher-multi-compute/controllers/compute-profiler-controller/internal/controller/node_controller.go:80.69,82.3 1 0
github.com/suse/rancher-multi-compute/controllers/compute-profiler-controller/internal/controller/node_controller.go:85.2,85.69 1 0
github.com/suse/rancher-multi-compute/controllers/compute-profiler-controller/internal/controller/node_controller.go:85.69,87.3 1 0
github.com/suse/rancher-multi-compute/controllers/compute-profiler-controller/internal/controller/node_controller.go:90.2,90.69 1 0
github.com/suse/rancher-multi-compute/controllers/compute-profiler-controller/internal/controller/node_controller.go:90.69,92.3 1 0
github.com/suse/rancher-multi-compute/controllers/compute-profiler-controller/internal/controller/node_controller.go:94.2,94.11 1 0
github.com/suse/rancher-multi-compute/controllers/compute-profiler-controller/internal/controller/node_controller.go:98.69,102.33 2 0
github.com/suse/rancher-multi-compute/controllers/compute-profiler-controller/internal/controller/node_controller.go:102.33,103.67 1 0
github.com/suse/rancher-multi-compute/controllers/compute-profiler-controller/internal/controller/node_controller.go:103.67,105.4 1 0
github.com/suse/rancher-multi-compute/controllers/compute-profiler-controller/internal/controller/node_controller.go:108.2,108.11 1 0
github.com/suse/rancher-multi-compute/controllers/compute-profiler-controller/internal/controller/node_controller.go:112.67,116.2 1 0
