mode: set
github.com/suse/rancher-multi-compute/internal/fleetutil/selector.go:28.110,35.2 1 1
github.com/suse/rancher-multi-compute/api/multi.suse.io/v1alpha1/channel_types.go:58.13,60.2 1 0
github.com/suse/rancher-multi-compute/api/multi.suse.io/v1alpha1/multicomputeconfig_types.go:73.13,75.2 1 0
github.com/suse/rancher-multi-compute/api/multi.suse.io/v1alpha1/zz_generated.deepcopy.go:14.47,20.2 5 0
github.com/suse/rancher-multi-compute/api/multi.suse.io/v1alpha1/zz_generated.deepcopy.go:23.40,24.15 1 0
github.com/suse/rancher-multi-compute/api/multi.suse.io/v1alpha1/zz_generated.deepcopy.go:24.15,26.3 1 0
github.com/suse/rancher-multi-compute/api/multi.suse.io/v1alpha1/zz_generated.deepcopy.go:27.2,29.12 3 0
github.com/suse/rancher-multi-compute/api/multi.suse.io/v1alpha1/zz_generated.deepcopy.go:33.52,34.34 1 0
github.com/suse/rancher-multi-compute/api/multi.suse.io/v1alpha1/zz_generated.deepcopy.go:34.34,36.3 1 0
github.com/suse/rancher-multi-compute/api/multi.suse.io/v1alpha1/zz_generated.deepcopy.go:37.2,37.12 1 0
github.com/suse/rancher-multi-compute/api/multi.suse.io/v1alpha1/zz_generated.deepcopy.go:41.55,45.21 4 0
github.com/suse/rancher-multi-compute/api/multi.suse.io/v1alpha1/zz_generated.deepcopy.go:45.21,48.22 3 0
github.com/suse/rancher-multi-compute/api/multi.suse.io/v1alpha1/zz_generated.deepcopy.go:48.22,50.4 1 0
github.com/suse/rancher-multi-compute/api/multi.suse.io/v1alpha1/zz_generated.deepcopy.go:55.48,56.15 1 0
github.com/suse/rancher-multi-compute/api/multi.suse.io/v1alpha1/zz_generated.deepcopy.go:56.15,58.3 1 0
github.com/suse/rancher-multi-compute/api/multi.suse.io/v1alpha1/zz_generated.deepcopy.go:59.2,61.12 3 0
github.com/suse/rancher-multi-compute/api/multi.suse.io/v1alpha1/zz_generated.deepcopy.go:65.56,66.34 1 0
github.com/suse/rancher-multi-compute/api/multi.suse.io/v1alpha1/zz_generated.deepcopy.go:66.34,68.3 1 0
github.com/suse/rancher-multi-compute/api/multi.suse.io/v1alpha1/zz_generated.deepcopy.go:69.2,69.12 1 0
github.com/suse/rancher-multi-compute/api/multi.suse.io/v1alpha1/zz_generated.deepcopy.go:73.55,76.2 2 0
github.com/suse/rancher-multi-compute/api/multi.suse.io/v1alpha1/zz_generated.deepcopy.go:79.48,80.15 1 0
github.com/suse/rancher-multi-compute/api/multi.suse.io/v1alpha1/zz_generated.deepcopy.go:80.15,82.3 1 0
github.com/suse/rancher-multi-compute/api/multi.suse.io/v1alpha1/zz_generated.deepcopy.go:83.2,85.12 3 0
github.com/suse/rancher-multi-compute/api/multi.suse.io/v1alpha1/zz_generated.deepcopy.go:89.59,91.26 2 0
github.com/suse/rancher-multi-compute/api/multi.suse.io/v1alpha1/zz_generated.deepcopy.go:91.26,94.22 3 0
github.com/suse/rancher-multi-compute/api/multi.suse.io/v1alpha1/zz_generated.deepcopy.go:94.22,96.4 1 0
github.com/suse/rancher-multi-compute/api/multi.suse.io/v1alpha1/zz_generated.deepcopy.go:101.52,102.15 1 0
github.com/suse/rancher-multi-compute/api/multi.suse.io/v1alpha1/zz_generated.deepcopy.go:102.15,104.3 1 0
github.com/suse/rancher-multi-compute/api/multi.suse.io/v1alpha1/zz_generated.deepcopy.go:105.2,107.12 3 0
github.com/suse/rancher-multi-compute/api/multi.suse.io/v1alpha1/zz_generated.deepcopy.go:111.69,117.2 5 0
github.com/suse/rancher-multi-compute/api/multi.suse.io/v1alpha1/zz_generated.deepcopy.go:120.62,121.15 1 0
github.com/suse/rancher-multi-compute/api/multi.suse.io/v1alpha1/zz_generated.deepcopy.go:121.15,123.3 1 0
github.com/suse/rancher-multi-compute/api/multi.suse.io/v1alpha1/zz_generated.deepcopy.go:124.2,126.12 3 0
github.com/suse/rancher-multi-compute/api/multi.suse.io/v1alpha1/zz_generated.deepcopy.go:130.63,131.34 1 0
github.com/suse/rancher-multi-compute/api/multi.suse.io/v1alpha1/zz_generated.deepcopy.go:131.34,133.3 1 0
github.com/suse/rancher-multi-compute/api/multi.suse.io/v1alpha1/zz_generated.deepcopy.go:134.2,134.12 1 0
github.com/suse/rancher-multi-compute/api/multi.suse.io/v1alpha1/zz_generated.deepcopy.go:138.77,142.21 4 0
github.com/suse/rancher-multi-compute/api/multi.suse.io/v1alpha1/zz_generated.deepcopy.go:142.21,145.22 3 0
github.com/suse/rancher-multi-compute/api/multi.suse.io/v1alpha1/zz_generated.deepcopy.go:145.22,147.4 1 0
github.com/suse/rancher-multi-compute/api/multi.suse.io/v1alpha1/zz_generated.deepcopy.go:152.67,153.34 1 0
github.com/suse/rancher-multi-compute/api/multi.suse.io/v1alpha1/zz_generated.deepcopy.go:153.34,155.3 1 0
github.com/suse/rancher-multi-compute/api/multi.suse.io/v1alpha1/zz_generated.deepcopy.go:156.2,156.12 1 0
github.com/suse/rancher-multi-compute/api/multi.suse.io/v1alpha1/zz_generated.deepcopy.go:160.70,161.15 1 0
github.com/suse/rancher-multi-compute/api/multi.suse.io/v1alpha1/zz_generated.deepcopy.go:161.15,163.3 1 0
github.com/suse/rancher-multi-compute/api/multi.suse.io/v1alpha1/zz_generated.deepcopy.go:164.2,166.12 3 0
github.com/suse/rancher-multi-compute/api/multi.suse.io/v1alpha1/zz_generated.deepcopy.go:170.77,173.29 3 0
github.com/suse/rancher-multi-compute/api/multi.suse.io/v1alpha1/zz_generated.deepcopy.go:173.29,176.29 3 0
github.com/suse/rancher-multi-compute/api/multi.suse.io/v1alpha1/zz_generated.deepcopy.go:176.29,178.4 1 0
github.com/suse/rancher-multi-compute/api/multi.suse.io/v1alpha1/zz_generated.deepcopy.go:183.70,184.15 1 0
github.com/suse/rancher-multi-compute/api/multi.suse.io/v1alpha1/zz_generated.deepcopy.go:184.15,186.3 1 0
github.com/suse/rancher-multi-compute/api/multi.suse.io/v1alpha1/zz_generated.deepcopy.go:187.2,189.12 3 0
github.com/suse/rancher-multi-compute/api/multi.suse.io/v1alpha1/zz_generated.deepcopy.go:193.81,195.26 2 0
github.com/suse/rancher-multi-compute/api/multi.suse.io/v1alpha1/zz_generated.deepcopy.go:195.26,198.22 3 0
github.com/suse/rancher-multi-compute/api/multi.suse.io/v1alpha1/zz_generated.deepcopy.go:198.22,200.4 1 0
github.com/suse/rancher-multi-compute/api/multi.suse.io/v1alpha1/zz_generated.deepcopy.go:205.74,206.15 1 0
github.com/suse/rancher-multi-compute/api/multi.suse.io/v1alpha1/zz_generated.deepcopy.go:206.15,208.3 1 0
github.com/suse/rancher-multi-compute/api/multi.suse.io/v1alpha1/zz_generated.deepcopy.go:209.2,211.12 3 0
github.com/suse/rancher-multi-compute/api/multi.suse.io/v1alpha1/zz_generated.deepcopy.go:215.57,217.2 1 0
github.com/suse/rancher-multi-compute/api/multi.suse.io/v1alpha1/zz_generated.deepcopy.go:220.50,221.15 1 0
github.com/suse/rancher-multi-compute/api/multi.suse.io/v1alpha1/zz_generated.deepcopy.go:221.15,223.3 1 0
github.com/suse/rancher-multi-compute/api/multi.suse.io/v1alpha1/zz_generated.deepcopy.go:224.2,226.12 3 0
github.com/suse/rancher-multi-compute/api/multi.suse.io/v1alpha1/zz_generated.deepcopy.go:230.57,232.2 1 0
github.com/suse/rancher-multi-compute/api/multi.suse.io/v1alpha1/zz_generated.deepcopy.go:235.50,236.15 1 0
github.com/suse/rancher-multi-compute/api/multi.suse.io/v1alpha1/zz_generated.deepcopy.go:236.15,238.3 1 0
github.com/suse/rancher-multi-compute/api/multi.suse.io/v1alpha1/zz_generated.deepcopy.go:239.2,241.12 3 0
github.com/suse/rancher-multi-compute/cmd/main.go:8.13,11.2 2 0
github.com/suse/rancher-multi-compute/internal/vendors/vendors.go:20.41,38.2 1 1
github.com/suse/rancher-multi-compute/controllers/compute-auto-operator-controller/controller.go:27.13,31.2 2 0
github.com/suse/rancher-multi-compute/controllers/compute-auto-operator-controller/controller.go:33.13,57.16 12 0
github.com/suse/rancher-multi-compute/controllers/compute-auto-operator-controller/controller.go:57.16,60.3 2 0
github.com/suse/rancher-multi-compute/controllers/compute-auto-operator-controller/controller.go:62.2,67.39 1 0
github.com/suse/rancher-multi-compute/controllers/compute-auto-operator-controller/controller.go:67.39,70.3 2 0
github.com/suse/rancher-multi-compute/controllers/compute-auto-operator-controller/controller.go:73.2,73.69 1 0
github.com/suse/rancher-multi-compute/controllers/compute-auto-operator-controller/controller.go:73.69,76.3 2 0
github.com/suse/rancher-multi-compute/controllers/compute-auto-operator-controller/controller.go:77.2,77.67 1 0
github.com/suse/rancher-multi-compute/controllers/compute-auto-operator-controller/controller.go:77.67,80.3 2 0
github.com/suse/rancher-multi-compute/controllers/compute-auto-operator-controller/controller.go:82.2,83.61 2 0
github.com/suse/rancher-multi-compute/controllers/compute-auto-operator-controller/controller.go:83.61,86.3 2 0
github.com/suse/rancher-multi-compute/internal/versions/versions.go:36.55,40.2 1 1
github.com/suse/rancher-multi-compute/internal/versions/versions.go:43.89,47.16 3 1
github.com/suse/rancher-multi-compute/internal/versions/versions.go:47.16,49.3 1 1
github.com/suse/rancher-multi-compute/internal/versions/versions.go:51.2,52.52 2 1
github.com/suse/rancher-multi-compute/internal/versions/versions.go:52.52,54.3 1 1
github.com/suse/rancher-multi-compute/internal/versions/versions.go:56.2,56.18 1 1
github.com/suse/rancher-multi-compute/internal/versions/versions.go:60.104,63.42 2 1
github.com/suse/rancher-multi-compute/internal/versions/versions.go:63.42,65.63 2 1
github.com/suse/rancher-multi-compute/internal/versions/versions.go:65.63,67.4 1 1
github.com/suse/rancher-multi-compute/internal/versions/versions.go:68.3,68.27 1 1
github.com/suse/rancher-multi-compute/internal/versions/versions.go:71.2,71.21 1 1
github.com/suse/rancher-multi-compute/pkg/controllers/controller.go:20.53,24.2 1 1
github.com/suse/rancher-multi-compute/pkg/controllers/controller.go:27.59,30.2 2 1
github.com/suse/rancher-multi-compute/pkg/controllers/controller.go:33.39,36.2 2 1
github.com/suse/rancher-multi-compute/pkg/utils/utils.go:6.26,8.2 1 1
github.com/suse/rancher-multi-compute/pkg/utils/utils.go:11.58,12.19 1 1
github.com/suse/rancher-multi-compute/pkg/utils/utils.go:12.19,14.3 1 1
github.com/suse/rancher-multi-compute/pkg/utils/utils.go:15.2,15.12 1 1
github.com/suse/rancher-multi-compute/controllers/policy-controller/controller.go:25.13,29.2 2 0
github.com/suse/rancher-multi-compute/controllers/policy-controller/controller.go:31.13,55.16 12 0
github.com/suse/rancher-multi-compute/controllers/policy-controller/controller.go:55.16,58.3 2 0
github.com/suse/rancher-multi-compute/controllers/policy-controller/controller.go:60.2,63.39 1 0
github.com/suse/rancher-multi-compute/controllers/policy-controller/controller.go:63.39,66.3 2 0
github.com/suse/rancher-multi-compute/controllers/policy-controller/controller.go:69.2,69.69 1 0
github.com/suse/rancher-multi-compute/controllers/policy-controller/controller.go:69.69,72.3 2 0
github.com/suse/rancher-multi-compute/controllers/policy-controller/controller.go:73.2,73.67 1 0
github.com/suse/rancher-multi-compute/controllers/policy-controller/controller.go:73.67,76.3 2 0
github.com/suse/rancher-multi-compute/controllers/policy-controller/controller.go:78.2,79.61 2 0
github.com/suse/rancher-multi-compute/controllers/policy-controller/controller.go:79.61,82.3 2 0
github.com/suse/rancher-multi-compute/controllers/compute-drift-detector/internal/controller/channel_controller.go:29.99,34.64 3 0
github.com/suse/rancher-multi-compute/controllers/compute-drift-detector/internal/controller/channel_controller.go:34.64,35.29 1 0
github.com/suse/rancher-multi-compute/controllers/compute-drift-detector/internal/controller/channel_controller.go:35.29,37.4 1 0
github.com/suse/rancher-multi-compute/controllers/compute-drift-detector/internal/controller/channel_controller.go:38.3,38.28 1 0
github.com/suse/rancher-multi-compute/controllers/compute-drift-detector/internal/controller/channel_controller.go:42.2,44.19 2 0
github.com/suse/rancher-multi-compute/controllers/compute-drift-detector/internal/controller/channel_controller.go:44.19,60.57 5 0
github.com/suse/rancher-multi-compute/controllers/compute-drift-detector/internal/controller/channel_controller.go:60.57,63.4 2 0
github.com/suse/rancher-multi-compute/controllers/compute-drift-detector/internal/controller/channel_controller.go:64.8,66.3 1 0
github.com/suse/rancher-multi-compute/controllers/compute-drift-detector/internal/controller/channel_controller.go:68.2,68.57 1 0
github.com/suse/rancher-multi-compute/controllers/compute-drift-detector/internal/controller/channel_controller.go:72.115,82.2 1 0
github.com/suse/rancher-multi-compute/controllers/compute-drift-detector/internal/controller/channel_controller.go:85.70,89.2 1 0
github.com/suse/rancher-multi-compute/controllers/compute-drift-detector/controller.go:25.13,29.2 2 0
github.com/suse/rancher-multi-compute/controllers/compute-drift-detector/controller.go:31.13,55.16 12 0
github.com/suse/rancher-multi-compute/controllers/compute-drift-detector/controller.go:55.16,58.3 2 0
github.com/suse/rancher-multi-compute/controllers/compute-drift-detector/controller.go:60.2,63.39 1 0
github.com/suse/rancher-multi-compute/controllers/compute-drift-detector/controller.go:63.39,66.3 2 0
github.com/suse/rancher-multi-compute/controllers/compute-drift-detector/controller.go:69.2,69.69 1 0
github.com/suse/rancher-multi-compute/controllers/compute-drift-detector/controller.go:69.69,72.3 2 0
github.com/suse/rancher-multi-compute/controllers/compute-drift-detector/controller.go:73.2,73.67 1 0
github.com/suse/rancher-multi-compute/controllers/compute-drift-detector/controller.go:73.67,76.3 2 0
github.com/suse/rancher-multi-compute/controllers/compute-drift-detector/controller.go:78.2,79.61 2 0
github.com/suse/rancher-multi-compute/controllers/compute-drift-detector/controller.go:79.61,82.3 2 0
github.com/suse/rancher-multi-compute/controllers/compute-auto-operator-controller/internal/testutil/envtest.go:32.42,64.2 12 0
github.com/suse/rancher-multi-compute/controllers/compute-auto-operator-controller/internal/testutil/envtest.go:67.27,72.2 4 0
github.com/suse/rancher-multi-compute/controllers/compute-auto-operator-controller/internal/testutil/envtest.go:75.45,77.2 1 0
github.com/suse/rancher-multi-compute/controllers/compute-auto-operator-controller/internal/testutil/envtest.go:80.46,82.2 1 0
github.com/suse/rancher-multi-compute/controllers/compute-auto-operator-controller/internal/testutil/envtest.go:85.49,87.2 1 0
github.com/suse/rancher-multi-compute/controllers/compute-auto-operator-controller/internal/testutil/envtest.go:90.48,92.2 1 0
github.com/suse/rancher-multi-compute/controllers/compute-auto-operator-controller/internal/testutil/envtest.go:95.46,101.2 3 0
github.com/suse/rancher-multi-compute/controllers/compute-auto-operator-controller/internal/testutil/envtest.go:104.24,106.2 1 0
github.com/suse/rancher-multi-compute/controllers/policy-controller/internal/controller/multicomputeconfig_controller.go:30.110,35.63 3 0
github.com/suse/rancher-multi-compute/controllers/policy-controller/internal/controller/multicomputeconfig_controller.go:35.63,36.29 1 0
github.com/suse/rancher-multi-compute/controllers/policy-controller/internal/controller/multicomputeconfig_controller.go:36.29,38.4 1 0
github.com/suse/rancher-multi-compute/controllers/policy-controller/internal/controller/multicomputeconfig_controller.go:39.3,39.28 1 0
github.com/suse/rancher-multi-compute/controllers/policy-controller/internal/controller/multicomputeconfig_controller.go:43.2,43.53 1 0
github.com/suse/rancher-multi-compute/controllers/policy-controller/internal/controller/multicomputeconfig_controller.go:43.53,46.3 2 0
github.com/suse/rancher-multi-compute/controllers/policy-controller/internal/controller/multicomputeconfig_controller.go:49.2,59.55 2 0
github.com/suse/rancher-multi-compute/controllers/policy-controller/internal/controller/multicomputeconfig_controller.go:59.55,62.3 2 0
github.com/suse/rancher-multi-compute/controllers/policy-controller/internal/controller/multicomputeconfig_controller.go:64.2,65.56 2 0
github.com/suse/rancher-multi-compute/controllers/policy-controller/internal/controller/multicomputeconfig_controller.go:69.129,79.46 2 0
github.com/suse/rancher-multi-compute/controllers/policy-controller/internal/controller/multicomputeconfig_controller.go:79.46,81.3 1 0
github.com/suse/rancher-multi-compute/controllers/policy-controller/internal/controller/multicomputeconfig_controller.go:83.2,83.48 1 0
github.com/suse/rancher-multi-compute/controllers/policy-controller/internal/controller/multicomputeconfig_controller.go:83.48,85.3 1 0
github.com/suse/rancher-multi-compute/controllers/policy-controller/internal/controller/multicomputeconfig_controller.go:87.2,87.40 1 0
github.com/suse/rancher-multi-compute/controllers/policy-controller/internal/controller/multicomputeconfig_controller.go:87.40,89.3 1 0
github.com/suse/rancher-multi-compute/controllers/policy-controller/internal/controller/multicomputeconfig_controller.go:91.2,91.46 1 0
github.com/suse/rancher-multi-compute/controllers/policy-controller/internal/controller/multicomputeconfig_controller.go:91.46,93.3 1 0
github.com/suse/rancher-multi-compute/controllers/policy-controller/internal/controller/multicomputeconfig_controller.go:95.2,95.12 1 0
github.com/suse/rancher-multi-compute/controllers/policy-controller/internal/controller/multicomputeconfig_controller.go:99.81,103.2 1 0
github.com/suse/rancher-multi-compute/controllers/compute-profiler-controller/controller.go:25.13,29.2 2 0
github.com/suse/rancher-multi-compute/controllers/compute-profiler-controller/controller.go:31.13,55.16 12 0
github.com/suse/rancher-multi-compute/controllers/compute-profiler-controller/controller.go:55.16,58.3 2 0
github.com/suse/rancher-multi-compute/controllers/compute-profiler-controller/controller.go:60.2,63.39 1 0
github.com/suse/rancher-multi-compute/controllers/compute-profiler-controller/controller.go:63.39,66.3 2 0
github.com/suse/rancher-multi-compute/controllers/compute-profiler-controller/controller.go:69.2,69.69 1 0
github.com/suse/rancher-multi-compute/controllers/compute-profiler-controller/controller.go:69.69,72.3 2 0
github.com/suse/rancher-multi-compute/controllers/compute-profiler-controller/controller.go:73.2,73.67 1 0
github.com/suse/rancher-multi-compute/controllers/compute-profiler-controller/controller.go:73.67,76.3 2 0
github.com/suse/rancher-multi-compute/controllers/compute-profiler-controller/controller.go:78.2,79.61 2 0
github.com/suse/rancher-multi-compute/controllers/compute-profiler-controller/controller.go:79.61,82.3 2 0
github.com/suse/rancher-multi-compute/controllers/compute-profiler-controller/internal/controller/node_controller.go:26.96,31.61 3 0
github.com/suse/rancher-multi-compute/controllers/compute-profiler-controller/internal/controller/node_controller.go:31.61,32.29 1 0
github.com/suse/rancher-multi-compute/controllers/compute-profiler-controller/internal/controller/node_controller.go:32.29,34.4 1 0
github.com/suse/rancher-multi-compute/controllers/compute-profiler-controller/internal/controller/node_controller.go:35.3,35.28 1 0
github.com/suse/rancher-multi-compute/controllers/compute-profiler-controller/internal/controller/node_controller.go:39.2,40.21 2 0
github.com/suse/rancher-multi-compute/controllers/compute-profiler-controller/internal/controller/node_controller.go:40.21,43.20 2 0
github.com/suse/rancher-multi-compute/controllers/compute-profiler-controller/internal/controller/node_controller.go:43.20,45.4 1 0
github.com/suse/rancher-multi-compute/controllers/compute-profiler-controller/internal/controller/node_controller.go:47.3,51.20 3 0
github.com/suse/rancher-multi-compute/controllers/compute-profiler-controller/internal/controller/node_controller.go:52.17,54.64 2 0
github.com/suse/rancher-multi-compute/controllers/compute-profiler-controller/internal/controller/node_controller.go:54.64,56.5 1 0
github.com/suse/rancher-multi-compute/controllers/compute-profiler-controller/internal/controller/node_controller.go:57.14,58.52 1 0
github.com/suse/rancher-multi-compute/controllers/compute-profiler-controller/internal/controller/node_controller.go:59.16,60.54 1 0
github.com/suse/rancher-multi-compute/controllers/compute-profiler-controller/internal/controller/node_controller.go:63.3,64.45 2 0
github.com/suse/rancher-multi-compute/controllers/compute-profiler-controller/internal/controller/node_controller.go:64.45,67.4 2 0
github.com/suse/rancher-multi-compute/controllers/compute-profiler-controller/internal/controller/node_controller.go:69.3,69.86 1 0
github.com/suse/rancher-multi-compute/controllers/compute-profiler-controller/internal/controller/node_controller.go:72.2,72.56 1 0
github.com/suse/rancher-multi-compute/controllers/compute-profiler-controller/internal/controller/node_controller.go:76.68,80.69 2 0
github.com/suse/rancher-multi-compute/controllers/compute-profiler-controller/internal/controller/node_controller.go:80.69,82.3 1 0
github.com/suse/rancher-multi-compute/controllers/compute-profiler-controller/internal/controller/node_controller.go:85.2,85.69 1 0
github.com/suse/rancher-multi-compute/controllers/compute-profiler-controller/internal/controller/node_controller.go:85.69,87.3 1 0
github.com/suse/rancher-multi-compute/controllers/compute-profiler-controller/internal/controller/node_controller.go:90.2,90.69 1 0
github.com/suse/rancher-multi-compute/controllers/compute-profiler-controller/internal/controller/node_controller.go:90.69,92.3 1 0
github.com/suse/rancher-multi-compute/controllers/compute-profiler-controller/internal/controller/node_controller.go:94.2,94.11 1 0
github.com/suse/rancher-multi-compute/controllers/compute-profiler-controller/internal/controller/node_controller.go:98.69,102.33 2 0
github.com/suse/rancher-multi-compute/controllers/compute-profiler-controller/internal/controller/node_controller.go:102.33,103.67 1 0
github.com/suse/rancher-multi-compute/controllers/compute-profiler-controller/internal/controller/node_controller.go:103.67,105.4 1 0
github.com/suse/rancher-multi-compute/controllers/compute-profiler-controller/internal/controller/node_controller.go:108.2,108.11 1 0
github.com/suse/rancher-multi-compute/controllers/compute-profiler-controller/internal/controller/node_controller.go:112.67,116.2 1 0
